[28/Dec/2020:11:51:06 +0530] 0:0:0:0:0:0:0:1 GET /customer/list HTTP/1.1 200 (1324 ms)
[28/Dec/2020:11:51:23 +0530] 0:0:0:0:0:0:0:1 GET /customer/list HTTP/1.1 200 (10 ms)
[28/Dec/2020:11:52:41 +0530] 0:0:0:0:0:0:0:1 GET /customer/list HTTP/1.1 200 (9 ms)
[28/Dec/2020:11:53:14 +0530] 0:0:0:0:0:0:0:1 GET /customer/list HTTP/1.1 200 (7 ms)
[28/Dec/2020:11:54:19 +0530] 0:0:0:0:0:0:0:1 GET /customer/list HTTP/1.1 200 (5 ms)
[28/Dec/2020:11:56:40 +0530] 0:0:0:0:0:0:0:1 GET /customer/list HTTP/1.1 200 (13 ms)
[28/Dec/2020:11:57:28 +0530] 0:0:0:0:0:0:0:1 GET /customer/list HTTP/1.1 200 (9 ms)
[28/Dec/2020:11:57:42 +0530] 0:0:0:0:0:0:0:1 GET /customer/list HTTP/1.1 200 (9 ms)
[28/Dec/2020:11:57:52 +0530] 0:0:0:0:0:0:0:1 GET /customer/list HTTP/1.1 200 (4 ms)
[28/Dec/2020:11:58:54 +0530] 0:0:0:0:0:0:0:1 GET /customer/list HTTP/1.1 200 (8 ms)
[28/Dec/2020:11:59:00 +0530] 0:0:0:0:0:0:0:1 GET /customer/find/100 HTTP/1.1 200 (1249 ms)
[28/Dec/2020:11:59:23 +0530] 0:0:0:0:0:0:0:1 GET /customer/find/100 HTTP/1.1 200 (9 ms)
[28/Dec/2020:11:59:29 +0530] 0:0:0:0:0:0:0:1 GET /customer/find/100 HTTP/1.1 200 (7 ms)
[28/Dec/2020:11:59:43 +0530] 0:0:0:0:0:0:0:1 GET /customer/list HTTP/1.1 200 (56 ms)
[28/Dec/2020:11:59:46 +0530] 0:0:0:0:0:0:0:1 GET /customer/find/101 HTTP/1.1 200 (6 ms)
[28/Dec/2020:12:00:14 +0530] 0:0:0:0:0:0:0:1 GET /customer/list HTTP/1.1 200 (6 ms)
[28/Dec/2020:12:00:20 +0530] 0:0:0:0:0:0:0:1 OPTIONS /customer/delete/102 HTTP/1.1 200 (30 ms)
[28/Dec/2020:12:00:21 +0530] 0:0:0:0:0:0:0:1 DELETE /customer/delete/102 HTTP/1.1 200 (272 ms)
[28/Dec/2020:12:00:27 +0530] 0:0:0:0:0:0:0:1 GET /customer/list HTTP/1.1 200 (5 ms)
[28/Dec/2020:12:01:41 +0530] 0:0:0:0:0:0:0:1 GET /customer/list HTTP/1.1 200 (6 ms)
[28/Dec/2020:12:02:44 +0530] 0:0:0:0:0:0:0:1 GET /customer/list HTTP/1.1 200 (8 ms)
[28/Dec/2020:12:03:19 +0530] 0:0:0:0:0:0:0:1 GET /customer/list HTTP/1.1 200 (6 ms)
[28/Dec/2020:12:04:16 +0530] 0:0:0:0:0:0:0:1 GET /customer/list HTTP/1.1 200 (15 ms)
[28/Dec/2020:12:04:34 +0530] 0:0:0:0:0:0:0:1 GET /customer/list HTTP/1.1 200 (4 ms)
[28/Dec/2020:12:04:39 +0530] 0:0:0:0:0:0:0:1 GET /customer/list HTTP/1.1 200 (11 ms)
[28/Dec/2020:12:04:49 +0530] 0:0:0:0:0:0:0:1 GET /customer/list HTTP/1.1 200 (6 ms)
[28/Dec/2020:12:04:59 +0530] 0:0:0:0:0:0:0:1 GET /customer/find/100 HTTP/1.1 200 (3 ms)
[28/Dec/2020:12:05:10 +0530] 0:0:0:0:0:0:0:1 GET /customer/list HTTP/1.1 200 (5 ms)
[28/Dec/2020:12:05:16 +0530] 0:0:0:0:0:0:0:1 GET /customer/list HTTP/1.1 200 (1135 ms)
[28/Dec/2020:12:07:19 +0530] 0:0:0:0:0:0:0:1 GET /customer/list HTTP/1.1 200 (7 ms)
[28/Dec/2020:12:17:23 +0530] 0:0:0:0:0:0:0:1 GET /customer/list HTTP/1.1 200 (11 ms)
[28/Dec/2020:12:17:59 +0530] 0:0:0:0:0:0:0:1 GET /customer/list HTTP/1.1 200 (8 ms)
[28/Dec/2020:12:21:22 +0530] 0:0:0:0:0:0:0:1 GET /customer/list HTTP/1.1 200 (9 ms)
[28/Dec/2020:12:21:27 +0530] 0:0:0:0:0:0:0:1 GET /customer/list HTTP/1.1 200 (5 ms)
[28/Dec/2020:12:22:07 +0530] 0:0:0:0:0:0:0:1 GET /customer/list HTTP/1.1 200 (7 ms)
[28/Dec/2020:12:22:27 +0530] 0:0:0:0:0:0:0:1 OPTIONS /customer/add HTTP/1.1 403 (35 ms)
[28/Dec/2020:12:23:15 +0530] 0:0:0:0:0:0:0:1 OPTIONS /customer/save HTTP/1.1 200 (1 ms)
[28/Dec/2020:12:23:16 +0530] 0:0:0:0:0:0:0:1 POST /customer/save HTTP/1.1 500 (812 ms)
[28/Dec/2020:12:23:25 +0530] 0:0:0:0:0:0:0:1 GET /customer/list HTTP/1.1 200 (5 ms)
[28/Dec/2020:12:25:10 +0530] 0:0:0:0:0:0:0:1 POST /customer/save HTTP/1.1 200 (69 ms)
[28/Dec/2020:12:25:28 +0530] 0:0:0:0:0:0:0:1 GET /customer/list HTTP/1.1 200 (4 ms)
[28/Dec/2020:12:27:28 +0530] 0:0:0:0:0:0:0:1 GET /customer/list HTTP/1.1 200 (28 ms)
[28/Dec/2020:12:27:31 +0530] 0:0:0:0:0:0:0:1 GET /customer/find/100 HTTP/1.1 200 (7 ms)
[28/Dec/2020:12:27:56 +0530] 0:0:0:0:0:0:0:1 POST /customer/save HTTP/1.1 500 (22 ms)
[28/Dec/2020:12:28:12 +0530] 0:0:0:0:0:0:0:1 POST /customer/save HTTP/1.1 200 (31 ms)
[28/Dec/2020:12:28:21 +0530] 0:0:0:0:0:0:0:1 GET /customer/list HTTP/1.1 200 (4 ms)
[28/Dec/2020:12:28:24 +0530] 0:0:0:0:0:0:0:1 GET /customer/find/109 HTTP/1.1 200 (4 ms)
[28/Dec/2020:12:28:26 +0530] 0:0:0:0:0:0:0:1 GET /customer/list HTTP/1.1 200 (6 ms)
[28/Dec/2020:12:28:38 +0530] 0:0:0:0:0:0:0:1 GET /customer/find/a HTTP/1.1 400 (23 ms)
[28/Dec/2020:12:29:52 +0530] 0:0:0:0:0:0:0:1 GET /customer/find/1 HTTP/1.1 404 (10 ms)
[28/Dec/2020:12:30:32 +0530] 0:0:0:0:0:0:0:1 GET /customer/find/1 HTTP/1.1 404 (5 ms)
[28/Dec/2020:12:30:40 +0530] 0:0:0:0:0:0:0:1 GET /customer/find/1 HTTP/1.1 404 (5 ms)
[28/Dec/2020:12:30:49 +0530] 0:0:0:0:0:0:0:1 GET /customer/list HTTP/1.1 200 (6 ms)
[28/Dec/2020:12:30:56 +0530] 0:0:0:0:0:0:0:1 GET /customer/list HTTP/1.1 200 (5 ms)
[28/Dec/2020:12:33:59 +0530] 0:0:0:0:0:0:0:1 GET /customer/list HTTP/1.1 200 (25 ms)
[28/Dec/2020:12:35:30 +0530] 0:0:0:0:0:0:0:1 GET /customer/list HTTP/1.1 200 (6 ms)
[28/Dec/2020:12:35:44 +0530] 0:0:0:0:0:0:0:1 GET /customer/list HTTP/1.1 200 (5 ms)
[28/Dec/2020:12:36:32 +0530] 0:0:0:0:0:0:0:1 GET /customer/list HTTP/1.1 200 (5 ms)
[28/Dec/2020:12:37:23 +0530] 0:0:0:0:0:0:0:1 GET /customer/list HTTP/1.1 200 (59 ms)
[28/Dec/2020:12:37:34 +0530] 0:0:0:0:0:0:0:1 GET /customer/list HTTP/1.1 200 (5 ms)
[28/Dec/2020:12:37:38 +0530] 0:0:0:0:0:0:0:1 GET /customer/list HTTP/1.1 200 (5 ms)
[28/Dec/2020:12:37:56 +0530] 0:0:0:0:0:0:0:1 GET /customer/list HTTP/1.1 200 (21 ms)
[28/Dec/2020:12:38:19 +0530] 0:0:0:0:0:0:0:1 GET /customer/list HTTP/1.1 200 (10 ms)
[28/Dec/2020:12:38:37 +0530] 0:0:0:0:0:0:0:1 GET /customer/list HTTP/1.1 200 (7 ms)
[28/Dec/2020:12:38:57 +0530] 0:0:0:0:0:0:0:1 GET /customer/list HTTP/1.1 200 (6 ms)
[28/Dec/2020:12:39:02 +0530] 0:0:0:0:0:0:0:1 GET /customer/find/100 HTTP/1.1 200 (7 ms)
[28/Dec/2020:12:39:34 +0530] 0:0:0:0:0:0:0:1 GET /customer/find/100 HTTP/1.1 200 (11 ms)
[28/Dec/2020:12:39:36 +0530] 0:0:0:0:0:0:0:1 GET /customer/list HTTP/1.1 200 (5 ms)
[28/Dec/2020:12:39:47 +0530] 0:0:0:0:0:0:0:1 GET /customer/list HTTP/1.1 200 (14 ms)
[28/Dec/2020:12:41:02 +0530] 0:0:0:0:0:0:0:1 GET /customer/list HTTP/1.1 200 (7 ms)
[28/Dec/2020:12:41:04 +0530] 0:0:0:0:0:0:0:1 OPTIONS /customer/delete/109 HTTP/1.1 200 (2 ms)
[28/Dec/2020:12:41:04 +0530] 0:0:0:0:0:0:0:1 DELETE /customer/delete/109 HTTP/1.1 200 (70 ms)
[28/Dec/2020:12:41:09 +0530] 0:0:0:0:0:0:0:1 OPTIONS /customer/delete/102 HTTP/1.1 200 (22 ms)
[28/Dec/2020:12:41:09 +0530] 0:0:0:0:0:0:0:1 DELETE /customer/delete/102 HTTP/1.1 200 (29 ms)
[28/Dec/2020:12:41:34 +0530] 0:0:0:0:0:0:0:1 POST /customer/save HTTP/1.1 200 (47 ms)
[28/Dec/2020:12:41:41 +0530] 0:0:0:0:0:0:0:1 GET /customer/list HTTP/1.1 200 (5 ms)
[28/Dec/2020:12:41:44 +0530] 0:0:0:0:0:0:0:1 GET /customer/find/106 HTTP/1.1 200 (5 ms)
[28/Dec/2020:12:41:46 +0530] 0:0:0:0:0:0:0:1 GET /customer/list HTTP/1.1 200 (4 ms)
